Using pre-set license
Built from '2022.3/staging' branch; Version is '2022.3.8f1 (b5eafc012955) revision 11922172'; Using compiler version '192829333'; Build Type 'Release'
OS: 'Windows 10  (10.0.19045) 64bit CoreSingleLanguage' Language: 'ru' Physical Memory: 16151 MB
BatchMode: 1, IsHumanControllingUs: 0, StartBugReporterOnCrash: 0, Is64bit: 1, IsPro: 1

COMMAND LINE ARGUMENTS:
C:\Program Files\Unity\Hub\Editor\2022.3.8f1\Editor\Unity.exe
-adb2
-batchMode
-noUpm
-name
AssetImportWorker0
-projectPath
C:/Users/bochk/My project
-logFile
Logs/AssetImportWorker0.log
-srvPort
50999
Successfully changed project path to: C:/Users/bochk/My project
C:/Users/bochk/My project
[UnityMemory] Configuration Parameters - Can be set up in boot.config
    "memorysetup-bucket-allocator-granularity=16"
    "memorysetup-bucket-allocator-bucket-count=8"
    "memorysetup-bucket-allocator-block-size=33554432"
    "memorysetup-bucket-allocator-block-count=8"
    "memorysetup-main-allocator-block-size=16777216"
    "memorysetup-thread-allocator-block-size=16777216"
    "memorysetup-gfx-main-allocator-block-size=16777216"
    "memorysetup-gfx-thread-allocator-block-size=16777216"
    "memorysetup-cache-allocator-block-size=4194304"
    "memorysetup-typetree-allocator-block-size=2097152"
    "memorysetup-profiler-bucket-allocator-granularity=16"
    "memorysetup-profiler-bucket-allocator-bucket-count=8"
    "memorysetup-profiler-bucket-allocator-block-size=33554432"
    "memorysetup-profiler-bucket-allocator-block-count=8"
    "memorysetup-profiler-allocator-block-size=16777216"
    "memorysetup-profiler-editor-allocator-block-size=1048576"
    "memorysetup-temp-allocator-size-main=16777216"
    "memorysetup-job-temp-allocator-block-size=2097152"
    "memorysetup-job-temp-allocator-block-size-background=1048576"
    "memorysetup-job-temp-allocator-reduction-small-platforms=262144"
    "memorysetup-allocator-temp-initial-block-size-main=262144"
    "memorysetup-allocator-temp-initial-block-size-worker=262144"
    "memorysetup-temp-allocator-size-background-worker=32768"
    "memorysetup-temp-allocator-size-job-worker=262144"
    "memorysetup-temp-allocator-size-preload-manager=33554432"
    "memorysetup-temp-allocator-size-nav-mesh-worker=65536"
    "memorysetup-temp-allocator-size-audio-worker=65536"
    "memorysetup-temp-allocator-size-cloud-worker=32768"
    "memorysetup-temp-allocator-size-gi-baking-worker=262144"
    "memorysetup-temp-allocator-size-gfx=262144"
Player connection [1848] Host "[IP] 169.254.81.245 [Port] 0 [Flags] 2 [Guid] 2568810188 [EditorId] 2568810188 [Version] 1048832 [Id] WindowsEditor(7,DESKTOP-0V3MIKT) [Debug] 1 [PackageName] WindowsEditor [ProjectName] Editor" joined multi-casting on [225.0.0.222:54997]...

Player connection [1848] Host "[IP] 169.254.81.245 [Port] 0 [Flags] 2 [Guid] 2568810188 [EditorId] 2568810188 [Version] 1048832 [Id] WindowsEditor(7,DESKTOP-0V3MIKT) [Debug] 1 [PackageName] WindowsEditor [ProjectName] Editor" joined alternative multi-casting on [225.0.0.222:34997]...

[Physics::Module] Initialized MultithreadedJobDispatcher with 7 workers.
Refreshing native plugins compatible for Editor in 227.83 ms, found 4 plugins.
Preloading 0 native plugins for Editor in 0.00 ms.
Initialize engine version: 2022.3.8f1 (b5eafc012955)
[Subsystems] Discovering subsystems at path C:/Program Files/Unity/Hub/Editor/2022.3.8f1/Editor/Data/Resources/UnitySubsystems
[Subsystems] Discovering subsystems at path C:/Users/bochk/My project/Assets
GfxDevice: creating device client; threaded=0; jobified=0
Direct3D:
    Version:  Direct3D 11.0 [level 11.1]
    Renderer: Intel(R) Iris(R) Xe Graphics (ID=0x9a49)
    Vendor:   Intel
    VRAM:     8075 MB
    Driver:   30.0.100.9805
Initialize mono
Mono path[0] = 'C:/Program Files/Unity/Hub/Editor/2022.3.8f1/Editor/Data/Managed'
Mono path[1] = 'C:/Program Files/Unity/Hub/Editor/2022.3.8f1/Editor/Data/MonoBleedingEdge/lib/mono/unityjit-win32'
Mono config path = 'C:/Program Files/Unity/Hub/Editor/2022.3.8f1/Editor/Data/MonoBleedingEdge/etc'
Using monoOptions --debugger-agent=transport=dt_socket,embedding=1,server=y,suspend=n,address=127.0.0.1:56488
Begin MonoManager ReloadAssembly
Registering precompiled unity dll's ...
Register platform support module: C:/Program Files/Unity/Hub/Editor/2022.3.8f1/Editor/Data/PlaybackEngines/WebGLSupport/UnityEditor.WebGL.Extensions.dll
Register platform support module: C:/Program Files/Unity/Hub/Editor/2022.3.8f1/Editor/Data/PlaybackEngines/WindowsStandaloneSupport/UnityEditor.WindowsStandalone.Extensions.dll
Registered in 0.023694 seconds.
- Loaded All Assemblies, in  2.827 seconds
Native extension for WindowsStandalone target not found
Native extension for WebGL target not found
Mono: successfully reloaded assembly
- Finished resetting the current domain, in  0.681 seconds
Domain Reload Profiling: 3504ms
	BeginReloadAssembly (343ms)
		ExecutionOrderSort (0ms)
		DisableScriptedObjects (0ms)
		BackupInstance (0ms)
		ReleaseScriptingObjects (0ms)
		CreateAndSetChildDomain (2ms)
	RebuildCommonClasses (638ms)
	RebuildNativeTypeToScriptingClass (44ms)
	initialDomainReloadingComplete (160ms)
	LoadAllAssembliesAndSetupDomain (1638ms)
		LoadAssemblies (340ms)
		RebuildTransferFunctionScriptingTraits (0ms)
		AnalyzeDomain (1633ms)
			TypeCache.Refresh (1630ms)
				TypeCache.ScanAssembly (953ms)
			ScanForSourceGeneratedMonoScriptInfo (1ms)
			ResolveRequiredComponents (1ms)
	FinalizeReload (682ms)
		ReleaseScriptCaches (0ms)
		RebuildScriptCaches (0ms)
		SetupLoadedEditorAssemblies (529ms)
			LogAssemblyErrors (0ms)
			InitializePlatformSupportModulesInManaged (22ms)
			SetLoadedEditorAssemblies (12ms)
			RefreshPlugins (0ms)
			BeforeProcessingInitializeOnLoad (6ms)
			ProcessInitializeOnLoadAttributes (364ms)
			ProcessInitializeOnLoadMethodAttributes (124ms)
			AfterProcessingInitializeOnLoad (0ms)
			EditorAssembliesLoaded (0ms)
		ExecutionOrderSort2 (0ms)
		AwakeInstancesAfterBackupRestoration (0ms)
========================================================================
Worker process is ready to serve import requests
Begin MonoManager ReloadAssembly
- Loaded All Assemblies, in 39.545 seconds
Refreshing native plugins compatible for Editor in 9.50 ms, found 4 plugins.
Native extension for WindowsStandalone target not found
Native extension for WebGL target not found
Package Manager log level set to [2]
[Package Manager] Server::EnsureServerProcessIsRunning -- launch failed, reason: Unity was launched with the -noUpm command-line argument
[Package Manager] UpmClient::Send -- Unable to send message (not connected to UPM process).
[Package Manager] Cannot connect to Unity Package Manager local server
Mono: successfully reloaded assembly
- Finished resetting the current domain, in  1.372 seconds
Domain Reload Profiling: 40909ms
	BeginReloadAssembly (13057ms)
		ExecutionOrderSort (0ms)
		DisableScriptedObjects (17ms)
		BackupInstance (0ms)
		ReleaseScriptingObjects (2ms)
		CreateAndSetChildDomain (62ms)
	RebuildCommonClasses (1345ms)
	RebuildNativeTypeToScriptingClass (45ms)
	initialDomainReloadingComplete (442ms)
	LoadAllAssembliesAndSetupDomain (24648ms)
		LoadAssemblies (35572ms)
		RebuildTransferFunctionScriptingTraits (0ms)
		AnalyzeDomain (1820ms)
			TypeCache.Refresh (1705ms)
				TypeCache.ScanAssembly (1572ms)
			ScanForSourceGeneratedMonoScriptInfo (100ms)
			ResolveRequiredComponents (11ms)
	FinalizeReload (1372ms)
		ReleaseScriptCaches (0ms)
		RebuildScriptCaches (0ms)
		SetupLoadedEditorAssemblies (954ms)
			LogAssemblyErrors (0ms)
			InitializePlatformSupportModulesInManaged (21ms)
			SetLoadedEditorAssemblies (12ms)
			RefreshPlugins (0ms)
			BeforeProcessingInitializeOnLoad (183ms)
			ProcessInitializeOnLoadAttributes (658ms)
			ProcessInitializeOnLoadMethodAttributes (64ms)
			AfterProcessingInitializeOnLoad (14ms)
			EditorAssembliesLoaded (0ms)
		ExecutionOrderSort2 (0ms)
		AwakeInstancesAfterBackupRestoration (10ms)
Launched and connected shader compiler UnityShaderCompiler.exe after 0.16 seconds
Refreshing native plugins compatible for Editor in 9.74 ms, found 4 plugins.
Preloading 0 native plugins for Editor in 0.00 ms.
Unloading 4007 Unused Serialized files (Serialized files now loaded: 0)
Unloading 69 unused Assets / (244.9 KB). Loaded Objects now: 4463.
Memory consumption went from 136.2 MB to 136.0 MB.
Total: 6.666100 ms (FindLiveObjects: 0.434800 ms CreateObjectMapping: 0.283300 ms MarkObjects: 5.366100 ms  DeleteObjects: 0.579700 ms)

AssetImportParameters requested are different than current active one (requested -> active):
  custom:container-demuxer-ogg: 62fdf1f143b41e24485cea50d1cbac27 -> 
  custom:video-codec-MediaFoundation-h265: 746d11721c4dcdbdad8f713fa42b33f4 -> 
  custom:video-decoder-ogg-theora: a1e56fd34408186e4bbccfd4996cb3dc -> 
  custom:framework-win-MediaFoundation: 216162199b28c13a410421893ffa2e32 -> 
  custom:CustomObjectIndexerAttribute: 756ad292c208cfabdd7b50bc23989ffe -> 
  custom:container-demuxer-webm: 4f35f7cbe854078d1ac9338744f61a02 -> 
  custom:container-muxer-webm: aa71ff27fc2769a1b78a27578f13a17b -> 
  custom:video-decoder-webm-vp8: 9c59270c3fd7afecdb556c50c9e8de78 -> 
  custom:SearchIndexIgnoredProperties: e643bd26f0fe6173181afceb89e7c659 -> 
  custom:AudioImporter_EditorPlatform: d09bf68614088b80899f8185d706f6e7 -> 
  custom:video-encoder-webm-vp8: eb34c28f22e8b96e1ab97ce403110664 -> 
  custom:audio-decoder-ogg-vorbis: bf7c407c2cedff20999df2af8eb42d56 -> 
  custom:audio-encoder-webm-vorbis: bf7c407c2cedff20999df2af8eb42d56 -> 
========================================================================
Received Import Request.
  Time since last request: 1042.493021 seconds.
  path: Assets/caracter/png-transparent-airsoft-guns-close-quarters-combat-m4-carbine-rifle-weapon.png
  artifactKey: Guid(cfe2557c08806a64f9d4d6e8ca088d9b) Importer(815301076,1909f56bfc062723c751e8b465ee728b)
Start importing Assets/caracter/png-transparent-airsoft-guns-close-quarters-combat-m4-carbine-rifle-weapon.png using Guid(cfe2557c08806a64f9d4d6e8ca088d9b) Importer(815301076,1909f56bfc062723c751e8b465ee728b)  -> (artifact id: 'd8479a38f81eb9af9d6b77598e21e5cd') in 0.207148 seconds
Number of updated asset objects reloaded before import = 0
Number of asset objects unloaded after import = 3
========================================================================
Received Prepare
Begin MonoManager ReloadAssembly
- Loaded All Assemblies, in  1.107 seconds
Refreshing native plugins compatible for Editor in 11.41 ms, found 4 plugins.
Native extension for WindowsStandalone target not found
Native extension for WebGL target not found
[Package Manager] Server::EnsureServerProcessIsRunning -- launch failed, reason: Unity was launched with the -noUpm command-line argument
[Package Manager] UpmClient::Send -- Unable to send message (not connected to UPM process).
[Package Manager] Cannot connect to Unity Package Manager local server
Mono: successfully reloaded assembly
- Finished resetting the current domain, in 21.582 seconds
Domain Reload Profiling: 22681ms
	BeginReloadAssembly (375ms)
		ExecutionOrderSort (0ms)
		DisableScriptedObjects (36ms)
		BackupInstance (0ms)
		ReleaseScriptingObjects (0ms)
		CreateAndSetChildDomain (82ms)
	RebuildCommonClasses (87ms)
	RebuildNativeTypeToScriptingClass (38ms)
	initialDomainReloadingComplete (84ms)
	LoadAllAssembliesAndSetupDomain (513ms)
		LoadAssemblies (691ms)
		RebuildTransferFunctionScriptingTraits (0ms)
		AnalyzeDomain (26ms)
			TypeCache.Refresh (13ms)
				TypeCache.ScanAssembly (0ms)
			ScanForSourceGeneratedMonoScriptInfo (0ms)
			ResolveRequiredComponents (11ms)
	FinalizeReload (21584ms)
		ReleaseScriptCaches (0ms)
		RebuildScriptCaches (0ms)
		SetupLoadedEditorAssemblies (1028ms)
			LogAssemblyErrors (0ms)
			InitializePlatformSupportModulesInManaged (17ms)
			SetLoadedEditorAssemblies (10ms)
			RefreshPlugins (0ms)
			BeforeProcessingInitializeOnLoad (178ms)
			ProcessInitializeOnLoadAttributes (724ms)
			ProcessInitializeOnLoadMethodAttributes (82ms)
			AfterProcessingInitializeOnLoad (16ms)
			EditorAssembliesLoaded (1ms)
		ExecutionOrderSort2 (0ms)
		AwakeInstancesAfterBackupRestoration (32ms)
Refreshing native plugins compatible for Editor in 13.90 ms, found 4 plugins.
Preloading 0 native plugins for Editor in 0.00 ms.
Unloading 4001 Unused Serialized files (Serialized files now loaded: 0)
Unloading 41 unused Assets / (216.7 KB). Loaded Objects now: 4474.
Memory consumption went from 139.1 MB to 138.9 MB.
Total: 7.685900 ms (FindLiveObjects: 0.581900 ms CreateObjectMapping: 0.523300 ms MarkObjects: 6.278000 ms  DeleteObjects: 0.300600 ms)

Prepare: number of updated asset objects reloaded= 0
AssetImportParameters requested are different than current active one (requested -> active):
  custom:container-demuxer-ogg: 62fdf1f143b41e24485cea50d1cbac27 -> 
  custom:video-codec-MediaFoundation-h265: 746d11721c4dcdbdad8f713fa42b33f4 -> 
  custom:video-decoder-ogg-theora: a1e56fd34408186e4bbccfd4996cb3dc -> 
  custom:framework-win-MediaFoundation: 216162199b28c13a410421893ffa2e32 -> 
  custom:CustomObjectIndexerAttribute: 756ad292c208cfabdd7b50bc23989ffe -> 
  custom:container-demuxer-webm: 4f35f7cbe854078d1ac9338744f61a02 -> 
  custom:container-muxer-webm: aa71ff27fc2769a1b78a27578f13a17b -> 
  custom:video-decoder-webm-vp8: 9c59270c3fd7afecdb556c50c9e8de78 -> 
  custom:SearchIndexIgnoredProperties: e643bd26f0fe6173181afceb89e7c659 -> 
  custom:AudioImporter_EditorPlatform: d09bf68614088b80899f8185d706f6e7 -> 
  custom:video-encoder-webm-vp8: eb34c28f22e8b96e1ab97ce403110664 -> 
  custom:audio-decoder-ogg-vorbis: bf7c407c2cedff20999df2af8eb42d56 -> 
  custom:audio-encoder-webm-vorbis: bf7c407c2cedff20999df2af8eb42d56 -> 
========================================================================
Received Import Request.
  Time since last request: 197.661913 seconds.
  path: ProjectSettings/TagManager.asset
  artifactKey: Guid(00000000000000003000000000000000) Importer(815301076,1909f56bfc062723c751e8b465ee728b)
Start importing ProjectSettings/TagManager.asset using Guid(00000000000000003000000000000000) Importer(815301076,1909f56bfc062723c751e8b465ee728b)  -> (artifact id: '17d0fc555d996a6d322e235c43225604') in 0.019806 seconds
Number of updated asset objects reloaded before import = 0
Number of asset objects unloaded after import = 0
========================================================================
Received Import Request.
  Time since last request: 27.932059 seconds.
  path: Packages/com.unity.2d.psdimporter/Editor/Assets/root-blue.mat
  artifactKey: Guid(28638862ea1084726a3511cd325fc53d) Importer(815301076,1909f56bfc062723c751e8b465ee728b)
Start importing Packages/com.unity.2d.psdimporter/Editor/Assets/root-blue.mat using Guid(28638862ea1084726a3511cd325fc53d) Importer(815301076,1909f56bfc062723c751e8b465ee728b)  -> (artifact id: '62b7ad3db176e7ab5e9960442a2244c9') in 0.202249 seconds
Number of updated asset objects reloaded before import = 0
Number of asset objects unloaded after import = 1
========================================================================
Received Import Request.
  Time since last request: 0.000036 seconds.
  path: Packages/com.unity.2d.psdimporter/Editor/Assets/root-red.mat
  artifactKey: Guid(4459fff084dd84526ab8fd5082d2eacb) Importer(815301076,1909f56bfc062723c751e8b465ee728b)
Start importing Packages/com.unity.2d.psdimporter/Editor/Assets/root-red.mat using Guid(4459fff084dd84526ab8fd5082d2eacb) Importer(815301076,1909f56bfc062723c751e8b465ee728b)  -> (artifact id: 'a943a93a2ed037a08afe1b5e17c27b3e') in 0.021229 seconds
Number of updated asset objects reloaded before import = 0
Number of asset objects unloaded after import = 1
========================================================================
Received Import Request.
  Time since last request: 5.719832 seconds.
  path: Packages/com.unity.2d.spriteshape/Editor/ObjectMenuCreation/DefaultAssets/Sprite Shapes/Closed Sprite Shape.prefab
  artifactKey: Guid(c0583b4e855c74b8c82e7b9b5efb5ce9) Importer(815301076,1909f56bfc062723c751e8b465ee728b)
Start importing Packages/com.unity.2d.spriteshape/Editor/ObjectMenuCreation/DefaultAssets/Sprite Shapes/Closed Sprite Shape.prefab using Guid(c0583b4e855c74b8c82e7b9b5efb5ce9) Importer(815301076,1909f56bfc062723c751e8b465ee728b)  -> (artifact id: '05b3096b6c0fed730c29d5cec08d7b55') in 0.115273 seconds
Number of updated asset objects reloaded before import = 0
Number of asset objects unloaded after import = 14
========================================================================
Received Import Request.
  Time since last request: 4.242097 seconds.
  path: Packages/com.unity.2d.psdimporter/Editor/Assets/pivot.fbx
  artifactKey: Guid(1c7762c9bce5f4ab7b060decb9e3002d) Importer(815301076,1909f56bfc062723c751e8b465ee728b)
Start importing Packages/com.unity.2d.psdimporter/Editor/Assets/pivot.fbx using Guid(1c7762c9bce5f4ab7b060decb9e3002d) Importer(815301076,1909f56bfc062723c751e8b465ee728b) Crash!!!
SymInit: Symbol-SearchPath: 'C:/Program Files/Unity/Hub/Editor/2022.3.8f1/Editor/Data/Mono;.;C:\Users\bochk\My project;C:\Users\bochk\My project\Library\BurstCache\JIT;C:\Program Files\Unity\Hub\Editor\2022.3.8f1\Editor;C:\windows;C:\windows\system32;', symOptions: 534, UserName: 'bochk'
OS-Version: 10.0.0
C:\Program Files\Unity\Hub\Editor\2022.3.8f1\Editor\Unity.exe:Unity.exe (00007FF65DAC0000), size: 82264064 (result: 0), SymType: '-deferred-', PDB: '', fileVersion: 2022.3.8.60156
C:\windows\SYSTEM32\ntdll.dll:ntdll.dll (00007FFAC1550000), size: 2064384 (result: 0), SymType: '-deferred-', PDB: '', fileVersion: 10.0.19041.3393
C:\windows\System32\KERNEL32.DLL:KERNEL32.DLL (00007FFABF7F0000), size: 774144 (result: 0), SymType: '-deferred-', PDB: '', fileVersion: 10.0.19041.3393
C:\windows\System32\KERNELBASE.dll:KERNELBASE.dll (00007FFABF060000), size: 3104768 (result: 0), SymType: '-deferred-', PDB: '', fileVersion: 10.0.19041.3393
C:\windows\System32\CRYPT32.dll:CRYPT32.dll (00007FFABEE60000), size: 1433600 (result: 0), SymType: '-deferred-', PDB: '', fileVersion: 10.0.19041.3271
C:\windows\System32\ucrtbase.dll:ucrtbase.dll (00007FFABECD0000), size: 1048576 (result: 0), SymType: '-deferred-', PDB: '', fileVersion: 10.0.19041.789
C:\windows\System32\USER32.dll:USER32.dll (00007FFABFFA0000), size: 1695744 (result: 0), SymType: '-deferred-', PDB: '', fileVersion: 10.0.19041.3393
C:\windows\System32\win32u.dll:win32u.dll (00007FFABEFC0000), size: 139264 (result: 0), SymType: '-deferred-', PDB: '', fileVersion: 10.0.19041.3448
C:\windows\System32\GDI32.dll:GDI32.dll (00007FFABF640000), size: 180224 (result: 0), SymType: '-deferred-', PDB: '', fileVersion: 10.0.19041.3393
C:\windows\System32\gdi32full.dll:gdi32full.dll (00007FFABF3E0000), size: 1155072 (result: 0), SymType: '-deferred-', PDB: '', fileVersion: 10.0.19041.3393
C:\windows\System32\msvcp_win.dll:msvcp_win.dll (00007FFABEC30000), size: 643072 (result: 0), SymType: '-deferred-', PDB: '', fileVersion: 10.0.19041.789
C:\Program Files\Unity\Hub\Editor\2022.3.8f1\Editor\libfbxsdk.dll:libfbxsdk.dll (00007FFA361E0000), size: 10067968 (result: 0), SymType: '-deferred-', PDB: '', fileVersion: 2020.3.3.0
C:\windows\System32\ADVAPI32.dll:ADVAPI32.dll (00007FFAC0140000), size: 712704 (result: 0), SymType: '-deferred-', PDB: '', fileVersion: 10.0.19041.3393
C:\windows\System32\msvcrt.dll:msvcrt.dll (00007FFABF8B0000), size: 647168 (result: 0), SymType: '-deferred-', PDB: '', fileVersion: 7.0.19041.546
C:\windows\System32\sechost.dll:sechost.dll (00007FFABFE60000), size: 638976 (result: 0), SymType: '-deferred-', PDB: '', fileVersion: 10.0.19041.3393
C:\windows\System32\RPCRT4.dll:RPCRT4.dll (00007FFAC08E0000), size: 1204224 (result: 0), SymType: '-deferred-', PDB: '', fileVersion: 10.0.19041.3448
C:\windows\System32\SHELL32.dll:SHELL32.dll (00007FFAC0C30000), size: 7622656 (result: 0), SymType: '-deferred-', PDB: '', fileVersion: 10.0.19041.3393
C:\windows\System32\SHLWAPI.dll:SHLWAPI.dll (00007FFABF5E0000), size: 348160 (result: 0), SymType: '-deferred-', PDB: '', fileVersion: 10.0.19041.2075
C:\windows\System32\ole32.dll:ole32.dll (00007FFAC13E0000), size: 1220608 (result: 0), SymType: '-deferred-', PDB: '', fileVersion: 10.0.19041.2965
C:\windows\System32\combase.dll:combase.dll (00007FFAC02D0000), size: 3489792 (result: 0), SymType: '-deferred-', PDB: '', fileVersion: 10.0.19041.3393
C:\windows\System32\IMM32.dll:IMM32.dll (00007FFABFE20000), size: 196608 (result: 0), SymType: '-deferred-', PDB: '', fileVersion: 10.0.19041.2673
C:\windows\System32\SETUPAPI.dll:SETUPAPI.dll (00007FFABF9B0000), size: 4644864 (result: 0), SymType: '-deferred-', PDB: '', fileVersion: 10.0.19041.3155
C:\windows\System32\cfgmgr32.dll:cfgmgr32.dll (00007FFABF360000), size: 319488 (result: 0), SymType: '-deferred-', PDB: '', fileVersion: 10.0.19041.3155
C:\windows\System32\bcrypt.dll:bcrypt.dll (00007FFABF3B0000), size: 159744 (result: 0), SymType: '-deferred-', PDB: '', fileVersion: 10.0.19041.3208
C:\windows\System32\WS2_32.dll:WS2_32.dll (00007FFAC0BC0000), size: 438272 (result: 0), SymType: '-deferred-', PDB: '', fileVersion: 10.0.19041.546
C:\windows\System32\OLEAUT32.dll:OLEAUT32.dll (00007FFAC0630000), size: 839680 (result: 0), SymType: '-deferred-', PDB: '', fileVersion: 10.0.19041.3208
C:\windows\System32\WINTRUST.dll:WINTRUST.dll (00007FFABEFF0000), size: 421888 (result: 0), SymType: '-deferred-', PDB: '', fileVersion: 10.0.19041.3271
C:\Program Files\Unity\Hub\Editor\2022.3.8f1\Editor\s3tcompress.dll:s3tcompress.dll (00007FFAA2B40000), size: 180224 (result: 0), SymType: '-deferred-', PDB: ''
C:\Program Files\Unity\Hub\Editor\2022.3.8f1\Editor\ispc_texcomp.dll:ispc_texcomp.dll (00007FFA36FF0000), size: 1826816 (result: 0), SymType: '-deferred-', PDB: ''
C:\Program Files\Unity\Hub\Editor\2022.3.8f1\Editor\WinPixEventRuntime.dll:WinPixEventRuntime.dll (00007FFAB88C0000), size: 45056 (result: 0), SymType: '-deferred-', PDB: '', fileVersion: 1.0.1812.6001
C:\Program Files\Unity\Hub\Editor\2022.3.8f1\Editor\umbraoptimizer64.dll:umbraoptimizer64.dll (00007FFA36EC0000), size: 1187840 (result: 0), SymType: '-deferred-', PDB: ''
C:\windows\SYSTEM32\OPENGL32.dll:OPENGL32.dll (00007FFA86100000), size: 1200128 (result: 0), SymType: '-deferred-', PDB: '', fileVersion: 10.0.19041.2193
C:\windows\SYSTEM32\GLU32.dll:GLU32.dll (00007FFA89EB0000), size: 180224 (result: 0), SymType: '-deferred-', PDB: '', fileVersion: 10.0.19041.2193
C:\windows\SYSTEM32\IPHLPAPI.DLL:IPHLPAPI.DLL (00007FFABE070000), size: 241664 (result: 0), SymType: '-deferred-', PDB: '', fileVersion: 10.0.19041.3271
C:\windows\SYSTEM32\WINHTTP.dll:WINHTTP.dll (00007FFAB9C40000), size: 1089536 (result: 0), SymType: '-deferred-', PDB: '', fileVersion: 10.0.19041.3031
C:\windows\SYSTEM32\WINMM.dll:WINMM.dll (00007FFA9F5E0000), size: 159744 (result: 0), SymType: '-deferred-', PDB: '', fileVersion: 10.0.19041.546
C:\windows\SYSTEM32\HID.DLL:HID.DLL (00007FFABD400000), size: 53248 (result: 0), SymType: '-deferred-', PDB: '', fileVersion: 10.0.19041.546
C:\windows\SYSTEM32\dwmapi.dll:dwmapi.dll (00007FFABC330000), size: 192512 (result: 0), SymType: '-deferred-', PDB: '', fileVersion: 10.0.19041.746
C:\Program Files\Unity\Hub\Editor\2022.3.8f1\Editor\compress_bc7e.dll:compress_bc7e.dll (00007FFA36D60000), size: 1433600 (result: 0), SymType: '-deferred-', PDB: ''
C:\Program Files\Unity\Hub\Editor\2022.3.8f1\Editor\SketchUpAPI.dll:SketchUpAPI.dll (00007FFA35940000), size: 8990720 (result: 0), SymType: '-deferred-', PDB: '', fileVersion: 23.0.0.0
C:\windows\SYSTEM32\VERSION.dll:VERSION.dll (00007FFAB8A80000), size: 40960 (result: 0), SymType: '-deferred-', PDB: '', fileVersion: 10.0.19041.546
C:\windows\SYSTEM32\WSOCK32.dll:WSOCK32.dll (00007FFA9EB50000), size: 36864 (result: 0), SymType: '-deferred-', PDB: '', fileVersion: 10.0.19041.1
C:\windows\SYSTEM32\MSVCP140.dll:MSVCP140.dll (00007FFAA0110000), size: 581632 (result: 0), SymType: '-deferred-', PDB: '', fileVersion: 14.34.31931.0
C:\windows\SYSTEM32\VCRUNTIME140.dll:VCRUNTIME140.dll (00007FFAA1C70000), size: 110592 (result: 0), SymType: '-deferred-', PDB: '', fileVersion: 14.34.31931.0
C:\Program Files\Unity\Hub\Editor\2022.3.8f1\Editor\SketchUpCommonPreferences.dll:SketchUpCommonPreferences.dll (00007FFA39F80000), size: 499712 (result: 0), SymType: '-deferred-', PDB: '', fileVersion: 23.0.0.0
C:\windows\SYSTEM32\VCRUNTIME140_1.dll:VCRUNTIME140_1.dll (00007FFAB8330000), size: 49152 (result: 0), SymType: '-deferred-', PDB: '', fileVersion: 14.34.31931.0
C:\windows\SYSTEM32\Secur32.dll:Secur32.dll (00007FFAA29F0000), size: 49152 (result: 0), SymType: '-deferred-', PDB: '', fileVersion: 10.0.19041.546
C:\windows\SYSTEM32\SSPICLI.DLL:SSPICLI.DLL (00007FFABEAE0000), size: 204800 (result: 0), SymType: '-deferred-', PDB: '', fileVersion: 10.0.19041.3393
C:\Program Files\Unity\Hub\Editor\2022.3.8f1\Editor\OpenRL.dll:OpenRL.dll (0000000180000000), size: 12779520 (result: 0), SymType: '-deferred-', PDB: '', fileVersion: 1.5.0.2907
C:\windows\SYSTEM32\MSVCP100.dll:MSVCP100.dll (0000000076790000), size: 622592 (result: 0), SymType: '-deferred-', PDB: '', fileVersion: 10.0.40219.325
C:\windows\SYSTEM32\MSVCR100.dll:MSVCR100.dll (00000000766B0000), size: 860160 (result: 0), SymType: '-deferred-', PDB: '', fileVersion: 10.0.40219.325
C:\Program Files\Unity\Hub\Editor\2022.3.8f1\Editor\embree.dll:embree.dll (00007FFA34950000), size: 16711680 (result: 0), SymType: '-deferred-', PDB: '', fileVersion: 2.14.0.0
C:\Program Files\Unity\Hub\Editor\2022.3.8f1\Editor\tbb.dll:tbb.dll (00007FFA348E0000), size: 413696 (result: 0), SymType: '-deferred-', PDB: '', fileVersion: 2017.0.2016.1004
C:\windows\SYSTEM32\MSVCP120.dll:MSVCP120.dll (00007FFA34830000), size: 679936 (result: 0), SymType: '-deferred-', PDB: '', fileVersion: 12.0.21005.1
C:\windows\SYSTEM32\MSVCR120.dll:MSVCR120.dll (00007FFA34740000), size: 978944 (result: 0), SymType: '-deferred-', PDB: '', fileVersion: 12.0.21005.1
C:\Program Files\Unity\Hub\Editor\2022.3.8f1\Editor\etccompress.dll:etccompress.dll (00007FFA34260000), size: 5066752 (result: 0), SymType: '-deferred-', PDB: ''
C:\Program Files\Unity\Hub\Editor\2022.3.8f1\Editor\OpenRL_pthread.dll:OpenRL_pthread.dll (0000024040570000), size: 61440 (result: 0), SymType: '-deferred-', PDB: '', fileVersion: 2.9.0.0
C:\Program Files\Unity\Hub\Editor\2022.3.8f1\Editor\FreeImage.dll:FreeImage.dll (0000024040580000), size: 6582272 (result: 0), SymType: '-deferred-', PDB: '', fileVersion: 3.18.0.0
C:\windows\SYSTEM32\MSWSOCK.DLL:MSWSOCK.DLL (00007FFABE3D0000), size: 434176 (result: 0), SymType: '-deferred-', PDB: '', fileVersion: 10.0.19041.546
C:\windows\SYSTEM32\MSASN1.dll:MSASN1.dll (00007FFABE800000), size: 73728 (result: 0), SymType: '-deferred-', PDB: '', fileVersion: 10.0.19041.2251
C:\windows\System32\bcryptprimitives.dll:bcryptprimitives.dll (00007FFABEDD0000), size: 532480 (result: 0), SymType: '-deferred-', PDB: '', fileVersion: 10.0.19041.2486
C:\windows\SYSTEM32\kernel.appcore.dll:kernel.appcore.dll (00007FFABD450000), size: 73728 (result: 0), SymType: '-deferred-', PDB: '', fileVersion: 10.0.19041.546
C:\windows\system32\uxtheme.dll:uxtheme.dll (00007FFABC130000), size: 647168 (result: 0), SymType: '-deferred-', PDB: '', fileVersion: 10.0.19041.3393
C:\windows\SYSTEM32\windows.storage.dll:windows.storage.dll (00007FFABC940000), size: 7974912 (result: 0), SymType: '-deferred-', PDB: '', fileVersion: 10.0.19041.3393
C:\windows\SYSTEM32\Wldp.dll:Wldp.dll (00007FFABE670000), size: 188416 (result: 0), SymType: '-deferred-', PDB: '', fileVersion: 10.0.19041.2788
C:\windows\System32\SHCORE.dll:SHCORE.dll (00007FFAC0830000), size: 708608 (result: 0), SymType: '-deferred-', PDB: '', fileVersion: 10.0.19041.1865
C:\windows\SYSTEM32\profapi.dll:profapi.dll (00007FFABEB60000), size: 151552 (result: 0), SymType: '-deferred-', PDB: '', fileVersion: 10.0.19041.3155
C:\windows\system32\IconCodecService.dll:IconCodecService.dll (00007FFA30BE0000), size: 36864 (result: 0), SymType: '-deferred-', PDB: '', fileVersion: 10.0.19041.1
C:\windows\SYSTEM32\WindowsCodecs.dll:WindowsCodecs.dll (00007FFAB9490000), size: 1785856 (result: 0), SymType: '-deferred-', PDB: '', fileVersion: 10.0.19041.1706
C:\windows\System32\clbcatq.dll:clbcatq.dll (00007FFAC0780000), size: 692224 (result: 0), SymType: '-deferred-', PDB: '', fileVersion: 2001.12.10941.16384
C:\windows\System32\netprofm.dll:netprofm.dll (00007FFAB9400000), size: 258048 (result: 0), SymType: '-deferred-', PDB: '', fileVersion: 10.0.19041.3393
C:\windows\System32\npmproxy.dll:npmproxy.dll (00007FFAB5BB0000), size: 65536 (result: 0), SymType: '-deferred-', PDB: '', fileVersion: 10.0.19041.3031
C:\windows\System32\NSI.dll:NSI.dll (00007FFABFE50000), size: 32768 (result: 0), SymType: '-deferred-', PDB: '', fileVersion: 10.0.19041.610
C:\windows\SYSTEM32\dhcpcsvc6.DLL:dhcpcsvc6.DLL (00007FFAB8CD0000), size: 94208 (result: 0), SymType: '-deferred-', PDB: '', fileVersion: 10.0.19041.2673
C:\windows\SYSTEM32\dhcpcsvc.DLL:dhcpcsvc.DLL (00007FFAB8CB0000), size: 118784 (result: 0), SymType: '-deferred-', PDB: '', fileVersion: 10.0.19041.2673
C:\windows\SYSTEM32\DNSAPI.dll:DNSAPI.dll (00007FFABE0C0000), size: 827392 (result: 0), SymType: '-deferred-', PDB: '', fileVersion: 10.0.19041.3031
C:\windows\system32\napinsp.dll:napinsp.dll (00007FFA9E8B0000), size: 94208 (result: 0), SymType: '-deferred-', PDB: '', fileVersion: 10.0.19041.546
C:\windows\system32\pnrpnsp.dll:pnrpnsp.dll (00007FFA9E2B0000), size: 110592 (result: 0), SymType: '-deferred-', PDB: '', fileVersion: 10.0.19041.546
C:\windows\system32\wshbth.dll:wshbth.dll (00007FFA9E260000), size: 86016 (result: 0), SymType: '-deferred-', PDB: '', fileVersion: 10.0.19041.546
C:\windows\system32\NLAapi.dll:NLAapi.dll (00007FFABA080000), size: 118784 (result: 0), SymType: '-deferred-', PDB: '', fileVersion: 10.0.19041.3031
C:\windows\System32\winrnr.dll:winrnr.dll (00007FFA9E240000), size: 73728 (result: 0), SymType: '-deferred-', PDB: '', fileVersion: 10.0.19041.546
C:\Program Files\Bonjour\mdnsNSP.dll:mdnsNSP.dll (0000000076DA0000), size: 155648 (result: 0), SymType: '-deferred-', PDB: '', fileVersion: 3.0.0.10
C:\windows\System32\fwpuclnt.dll:fwpuclnt.dll (00007FFAB6970000), size: 532480 (result: 0), SymType: '-deferred-', PDB: '', fileVersion: 10.0.19041.3393
C:\Windows\System32\rasadhlp.dll:rasadhlp.dll (00007FFAB82C0000), size: 40960 (result: 0), SymType: '-deferred-', PDB: '', fileVersion: 10.0.19041.546
C:\Program Files\Unity\Hub\Editor\2022.3.8f1\Editor\NVUnityPlugin.DLL:NVUnityPlugin.DLL (00007FFA2E210000), size: 1519616 (result: 0), SymType: '-deferred-', PDB: ''
C:\Program Files\Unity\Hub\Editor\2022.3.8f1\Editor\Data\Tools\astcenc-avx2.dll:astcenc-avx2.dll (00007FFA2E180000), size: 540672 (result: 0), SymType: '-deferred-', PDB: ''
C:\windows\SYSTEM32\d3d11.dll:d3d11.dll (00007FFABAB30000), size: 2502656 (result: 0), SymType: '-deferred-', PDB: '', fileVersion: 10.0.19041.2913
C:\windows\SYSTEM32\dxgi.dll:dxgi.dll (00007FFABD4C0000), size: 995328 (result: 0), SymType: '-deferred-', PDB: '', fileVersion: 10.0.19041.2311
C:\windows\System32\DriverStore\FileRepository\iigd_dch.inf_amd64_e2e84a5bea6773d5\igd10iumd64.dll:igd10iumd64.dll (00007FFAAE7B0000), size: 24752128 (result: 0), SymType: '-deferred-', PDB: '', fileVersion: 30.0.100.9805
C:\windows\SYSTEM32\ncrypt.dll:ncrypt.dll (00007FFABE6E0000), size: 163840 (result: 0), SymType: '-deferred-', PDB: '', fileVersion: 10.0.19041.2788
C:\windows\SYSTEM32\apphelp.dll:apphelp.dll (00007FFABBF50000), size: 593920 (result: 0), SymType: '-deferred-', PDB: '', fileVersion: 10.0.19041.2913
C:\windows\SYSTEM32\NTASN1.dll:NTASN1.dll (00007FFABE6A0000), size: 241664 (result: 0), SymType: '-deferred-', PDB: '', fileVersion: 10.0.19041.546
C:\windows\System32\DriverStore\FileRepository\iigd_dch.inf_amd64_e2e84a5bea6773d5\igdgmm64.dll:igdgmm64.dll (00007FFAB5D30000), size: 3985408 (result: 0), SymType: '-deferred-', PDB: '', fileVersion: 30.0.100.9805
C:\windows\System32\DriverStore\FileRepository\iigd_dch.inf_amd64_e2e84a5bea6773d5\igc64.dll:igc64.dll (00007FFAABA60000), size: 47476736 (result: 0), SymType: '-deferred-', PDB: '', fileVersion: 30.0.100.9805
C:\windows\SYSTEM32\dxcore.dll:dxcore.dll (00007FFAB6D10000), size: 241664 (result: 0), SymType: '-deferred-', PDB: '', fileVersion: 10.0.19041.546
C:\windows\system32\wbem\wbemprox.dll:wbemprox.dll (00007FFAB49E0000), size: 69632 (result: 0), SymType: '-deferred-', PDB: '', fileVersion: 10.0.19041.3271
C:\windows\SYSTEM32\wbemcomn.dll:wbemcomn.dll (00007FFAB4F10000), size: 589824 (result: 0), SymType: '-deferred-', PDB: '', fileVersion: 10.0.19041.1566
C:\windows\system32\wbem\wbemsvc.dll:wbemsvc.dll (00007FFAB44B0000), size: 81920 (result: 0), SymType: '-deferred-', PDB: '', fileVersion: 10.0.19041.3271
C:\windows\system32\wbem\fastprox.dll:fastprox.dll (00007FFAA8500000), size: 1093632 (result: 0), SymType: '-deferred-', PDB: '', fileVersion: 10.0.19041.546
C:\windows\SYSTEM32\amsi.dll:amsi.dll (00007FFAA8420000), size: 126976 (result: 0), SymType: '-deferred-', PDB: '', fileVersion: 10.0.19041.2075
C:\windows\SYSTEM32\USERENV.dll:USERENV.dll (00007FFABEB20000), size: 188416 (result: 0), SymType: '-deferred-', PDB: '', fileVersion: 10.0.19041.3155
C:\ProgramData\Microsoft\Windows Defender\Platform\4.18.23080.2006-0\MpOav.dll:MpOav.dll (00007FFAA83A0000), size: 507904 (result: 0), SymType: '-deferred-', PDB: '', fileVersion: 4.18.23080.2006
C:\windows\SYSTEM32\opencl.dll:opencl.dll (00007FFA2D870000), size: 512000 (result: 0), SymType: '-deferred-', PDB: '', fileVersion: 2.2.8.0
C:\Program Files\Unity\Hub\Editor\2022.3.8f1\Editor\radeonrays.dll:radeonrays.dll (00007FFA2DB40000), size: 557056 (result: 0), SymType: '-deferred-', PDB: ''
C:\Program Files\Unity\Hub\Editor\2022.3.8f1\Editor\Data\MonoBleedingEdge\EmbedRuntime\mono-2.0-bdwgc.dll:mono-2.0-bdwgc.dll (00007FFA2CE40000), size: 10682368 (result: 0), SymType: '-deferred-', PDB: ''
C:\windows\SYSTEM32\dbghelp.dll:dbghelp.dll (00007FFABD0E0000), size: 1982464 (result: 0), SymType: '-deferred-', PDB: '', fileVersion: 10.0.19041.867

========== OUTPUTTING STACK TRACE ==================

0x00007FFAACD9425B (igc64) OpenCompiler12
0x00007FFAAEBABAF8 (igd10iumd64) OpenAdapter10_2
SymInit: Symbol-SearchPath: 'C:/Program Files/Unity/Hub/Editor/2022.3.8f1/Editor/Data/Mono;.;C:\Users\bochk\My project;C:\Users\bochk\My project\Library\BurstCache\JIT;C:\Program Files\Unity\Hub\Editor\2022.3.8f1\Editor;C:\windows;C:\windows\system32;', symOptions: 534, UserName: 'bochk'
OS-Version: 10.0.0
C:\Program Files\Unity\Hub\Editor\2022.3.8f1\Editor\Unity.exe:Unity.exe (00007FF65DAC0000), size: 82264064 (result: 0), SymType: 'PDB', PDB: 'C:\Program Files\Unity\Hub\Editor\2022.3.8f1\Editor\Unity_x64.pdb', fileVersion: 2022.3.8.60156
C:\windows\SYSTEM32\ntdll.dll:ntdll.dll (00007FFAC1550000), size: 2064384 (result: 0), SymType: '-exported-', PDB: 'C:\windows\SYSTEM32\ntdll.dll', fileVersion: 10.0.19041.3393
C:\windows\System32\KERNEL32.DLL:KERNEL32.DLL (00007FFABF7F0000), size: 774144 (result: 0), SymType: '-exported-', PDB: 'C:\windows\System32\KERNEL32.DLL', fileVersion: 10.0.19041.3393
C:\windows\System32\KERNELBASE.dll:KERNELBASE.dll (00007FFABF060000), size: 3104768 (result: 0), SymType: '-exported-', PDB: 'C:\windows\System32\KERNELBASE.dll', fileVersion: 10.0.19041.3393
C:\windows\System32\CRYPT32.dll:CRYPT32.dll (00007FFABEE60000), size: 1433600 (result: 0), SymType: '-exported-', PDB: 'C:\windows\System32\CRYPT32.dll', fileVersion: 10.0.19041.3271
C:\windows\System32\ucrtbase.dll:ucrtbase.dll (00007FFABECD0000), size: 1048576 (result: 0), SymType: '-exported-', PDB: 'C:\windows\System32\ucrtbase.dll', fileVersion: 10.0.19041.789
C:\windows\System32\USER32.dll:USER32.dll (00007FFABFFA0000), size: 1695744 (result: 0), SymType: '-exported-', PDB: 'C:\windows\System32\USER32.dll', fileVersion: 10.0.19041.3393
C:\windows\System32\win32u.dll:win32u.dll (00007FFABEFC0000), size: 139264 (result: 0), SymType: '-exported-', PDB: 'C:\windows\System32\win32u.dll', fileVersion: 10.0.19041.3448
C:\windows\System32\GDI32.dll:GDI32.dll (00007FFABF640000), size: 180224 (result: 0), SymType: '-exported-', PDB: 'C:\windows\System32\GDI32.dll', fileVersion: 10.0.19041.3393
C:\windows\System32\gdi32full.dll:gdi32full.dll (00007FFABF3E0000), size: 1155072 (result: 0), SymType: '-exported-', PDB: 'C:\windows\System32\gdi32full.dll', fileVersion: 10.0.19041.3393
C:\windows\System32\msvcp_win.dll:msvcp_win.dll (00007FFABEC30000), size: 643072 (result: 0), SymType: '-exported-', PDB: 'C:\windows\System32\msvcp_win.dll', fileVersion: 10.0.19041.789
C:\Program Files\Unity\Hub\Editor\2022.3.8f1\Editor\libfbxsdk.dll:libfbxsdk.dll (00007FFA361E0000), size: 10067968 (result: 0), SymType: '-exported-', PDB: 'C:\Program Files\Unity\Hub\Editor\2022.3.8f1\Editor\libfbxsdk.dll', fileVersion: 2020.3.3.0
C:\windows\System32\ADVAPI32.dll:ADVAPI32.dll (00007FFAC0140000), size: 712704 (result: 0), SymType: '-exported-', PDB: 'C:\windows\System32\ADVAPI32.dll', fileVersion: 10.0.19041.3393
C:\windows\System32\msvcrt.dll:msvcrt.dll (00007FFABF8B0000), size: 647168 (result: 0), SymType: '-exported-', PDB: 'C:\windows\System32\msvcrt.dll', fileVersion: 7.0.19041.546
C:\windows\System32\sechost.dll:sechost.dll (00007FFABFE60000), size: 638976 (result: 0), SymType: '-exported-', PDB: 'C:\windows\System32\sechost.dll', fileVersion: 10.0.19041.3393
C:\windows\System32\RPCRT4.dll:RPCRT4.dll (00007FFAC08E0000), size: 1204224 (result: 0), SymType: '-exported-', PDB: 'C:\windows\System32\RPCRT4.dll', fileVersion: 10.0.19041.3448
C:\windows\System32\SHELL32.dll:SHELL32.dll (00007FFAC0C30000), size: 7622656 (result: 0), SymType: '-exported-', PDB: 'C:\windows\System32\SHELL32.dll', fileVersion: 10.0.19041.3393
C:\windows\System32\SHLWAPI.dll:SHLWAPI.dll (00007FFABF5E0000), size: 348160 (result: 0), SymType: '-exported-', PDB: 'C:\windows\System32\SHLWAPI.dll', fileVersion: 10.0.19041.2075
C:\windows\System32\ole32.dll:ole32.dll (00007FFAC13E0000), size: 1220608 (result: 0), SymType: '-exported-', PDB: 'C:\windows\System32\ole32.dll', fileVersion: 10.0.19041.2965
C:\windows\System32\combase.dll:combase.dll (00007FFAC02D0000), size: 3489792 (result: 0), SymType: '-exported-', PDB: 'C:\windows\System32\combase.dll', fileVersion: 10.0.19041.3393
C:\windows\System32\IMM32.dll:IMM32.dll (00007FFABFE20000), size: 196608 (result: 0), SymType: '-exported-', PDB: 'C:\windows\System32\IMM32.dll', fileVersion: 10.0.19041.2673
C:\windows\System32\SETUPAPI.dll:SETUPAPI.dll (00007FFABF9B0000), size: 4644864 (result: 0), SymType: '-exported-', PDB: 'C:\windows\System32\SETUPAPI.dll', fileVersion: 10.0.19041.3155
C:\windows\System32\cfgmgr32.dll:cfgmgr32.dll (00007FFABF360000), size: 319488 (result: 0), SymType: '-exported-', PDB: 'C:\windows\System32\cfgmgr32.dll', fileVersion: 10.0.19041.3155
C:\windows\System32\bcrypt.dll:bcrypt.dll (00007FFABF3B0000), size: 159744 (result: 0), SymType: '-exported-', PDB: 'C:\windows\System32\bcrypt.dll', fileVersion: 10.0.19041.3208
C:\windows\System32\WS2_32.dll:WS2_32.dll (00007FFAC0BC0000), size: 438272 (result: 0), SymType: '-exported-', PDB: 'C:\windows\System32\WS2_32.dll', fileVersion: 10.0.19041.546
C:\windows\System32\OLEAUT32.dll:OLEAUT32.dll (00007FFAC0630000), size: 839680 (result: 0), SymType: '-exported-', PDB: 'C:\windows\System32\OLEAUT32.dll', fileVersion: 10.0.19041.3208
C:\windows\System32\WINTRUST.dll:WINTRUST.dll (00007FFABEFF0000), size: 421888 (result: 0), SymType: '-exported-', PDB: 'C:\windows\System32\WINTRUST.dll', fileVersion: 10.0.19041.3271
C:\Program Files\Unity\Hub\Editor\2022.3.8f1\Editor\s3tcompress.dll:s3tcompress.dll (00007FFAA2B40000), size: 180224 (result: 0), SymType: '-exported-', PDB: 'C:\Program Files\Unity\Hub\Editor\2022.3.8f1\Editor\s3tcompress.dll'
C:\Program Files\Unity\Hub\Editor\2022.3.8f1\Editor\ispc_texcomp.dll:ispc_texcomp.dll (00007FFA36FF0000), size: 1826816 (result: 0), SymType: '-exported-', PDB: 'C:\Program Files\Unity\Hub\Editor\2022.3.8f1\Editor\ispc_texcomp.dll'
C:\Program Files\Unity\Hub\Editor\2022.3.8f1\Editor\WinPixEventRuntime.dll:WinPixEventRuntime.dll (00007FFAB88C0000), size: 45056 (result: 0), SymType: '-exported-', PDB: 'C:\Program Files\Unity\Hub\Editor\2022.3.8f1\Editor\WinPixEventRuntime.dll', fileVersion: 1.0.1812.6001
C:\Program Files\Unity\Hub\Editor\2022.3.8f1\Editor\umbraoptimizer64.dll:umbraoptimizer64.dll (00007FFA36EC0000), size: 1187840 (result: 0), SymType: '-exported-', PDB: 'C:\Program Files\Unity\Hub\Editor\2022.3.8f1\Editor\umbraoptimizer64.dll'
C:\windows\SYSTEM32\OPENGL32.dll:OPENGL32.dll (00007FFA86100000), size: 1200128 (result: 0), SymType: '-exported-', PDB: 'C:\windows\SYSTEM32\OPENGL32.dll', fileVersion: 10.0.19041.2193
C:\windows\SYSTEM32\GLU32.dll:GLU32.dll (00007FFA89EB0000), size: 180224 (result: 0), SymType: '-exported-', PDB: 'C:\windows\SYSTEM32\GLU32.dll', fileVersion: 10.0.19041.2193
C:\windows\SYSTEM32\IPHLPAPI.DLL:IPHLPAPI.DLL (00007FFABE070000), size: 241664 (result: 0), SymType: '-exported-', PDB: 'C:\windows\SYSTEM32\IPHLPAPI.DLL', fileVersion: 10.0.19041.3271
C:\windows\SYSTEM32\WINHTTP.dll:WINHTTP.dll (00007FFAB9C40000), size: 1089536 (result: 0), SymType: '-exported-', PDB: 'C:\windows\SYSTEM32\WINHTTP.dll', fileVersion: 10.0.19041.3031
C:\windows\SYSTEM32\WINMM.dll:WINMM.dll (00007FFA9F5E0000), size: 159744 (result: 0), SymType: '-exported-', PDB: 'C:\windows\SYSTEM32\WINMM.dll', fileVersion: 10.0.19041.546
C:\windows\SYSTEM32\HID.DLL:HID.DLL (00007FFABD400000), size: 53248 (result: 0), SymType: '-exported-', PDB: 'C:\windows\SYSTEM32\HID.DLL', fileVersion: 10.0.19041.546
C:\windows\SYSTEM32\dwmapi.dll:dwmapi.dll (00007FFABC330000), size: 192512 (result: 0), SymType: '-exported-', PDB: 'C:\windows\SYSTEM32\dwmapi.dll', fileVersion: 10.0.19041.746
C:\Program Files\Unity\Hub\Editor\2022.3.8f1\Editor\compress_bc7e.dll:compress_bc7e.dll (00007FFA36D60000), size: 1433600 (result: 0), SymType: '-exported-', PDB: 'C:\Program Files\Unity\Hub\Editor\2022.3.8f1\Editor\compress_bc7e.dll'
C:\Program Files\Unity\Hub\Editor\2022.3.8f1\Editor\SketchUpAPI.dll:SketchUpAPI.dll (00007FFA35940000), size: 8990720 (result: 0), SymType: '-exported-', PDB: 'C:\Program Files\Unity\Hub\Editor\2022.3.8f1\Editor\SketchUpAPI.dll', fileVersion: 23.0.0.0
C:\windows\SYSTEM32\VERSION.dll:VERSION.dll (00007FFAB8A80000), size: 40960 (result: 0), SymType: '-exported-', PDB: 'C:\windows\SYSTEM32\VERSION.dll', fileVersion: 10.0.19041.546
C:\windows\SYSTEM32\WSOCK32.dll:WSOCK32.dll (00007FFA9EB50000), size: 36864 (result: 0), SymType: '-exported-', PDB: 'C:\windows\SYSTEM32\WSOCK32.dll', fileVersion: 10.0.19041.1
C:\windows\SYSTEM32\MSVCP140.dll:MSVCP140.dll (00007FFAA0110000), size: 581632 (result: 0), SymType: '-exported-', PDB: 'C:\windows\SYSTEM32\MSVCP140.dll', fileVersion: 14.34.31931.0
C:\windows\SYSTEM32\VCRUNTIME140.dll:VCRUNTIME140.dll (00007FFAA1C70000), size: 110592 (result: 0), SymType: '-exported-', PDB: 'C:\windows\SYSTEM32\VCRUNTIME140.dll', fileVersion: 14.34.31931.0
C:\Program Files\Unity\Hub\Editor\2022.3.8f1\Editor\SketchUpCommonPreferences.dll:SketchUpCommonPreferences.dll (00007FFA39F80000), size: 499712 (result: 0), SymType: '-exported-', PDB: 'C:\Program Files\Unity\Hub\Editor\2022.3.8f1\Editor\SketchUpCommonPreferences.dll', fileVersion: 23.0.0.0
C:\windows\SYSTEM32\VCRUNTIME140_1.dll:VCRUNTIME140_1.dll (00007FFAB8330000), size: 49152 (result: 0), SymType: '-exported-', PDB: 'C:\windows\SYSTEM32\VCRUNTIME140_1.dll', fileVersion: 14.34.31931.0
C:\windows\SYSTEM32\Secur32.dll:Secur32.dll (00007FFAA29F0000), size: 49152 (result: 0), SymType: '-exported-', PDB: 'C:\windows\SYSTEM32\Secur32.dll', fileVersion: 10.0.19041.546
C:\windows\SYSTEM32\SSPICLI.DLL:SSPICLI.DLL (00007FFABEAE0000), size: 204800 (result: 0), SymType: '-exported-', PDB: 'C:\windows\SYSTEM32\SSPICLI.DLL', fileVersion: 10.0.19041.3393
C:\Program Files\Unity\Hub\Editor\2022.3.8f1\Editor\OpenRL.dll:OpenRL.dll (0000000180000000), size: 12779520 (result: 0), SymType: '-exported-', PDB: 'C:\Program Files\Unity\Hub\Editor\2022.3.8f1\Editor\OpenRL.dll', fileVersion: 1.5.0.2907
C:\windows\SYSTEM32\MSVCP100.dll:MSVCP100.dll (0000000076790000), size: 622592 (result: 0), SymType: '-exported-', PDB: 'C:\windows\SYSTEM32\MSVCP100.dll', fileVersion: 10.0.40219.325
C:\windows\SYSTEM32\MSVCR100.dll:MSVCR100.dll (00000000766B0000), size: 860160 (result: 0), SymType: '-exported-', PDB: 'C:\windows\SYSTEM32\MSVCR100.dll', fileVersion: 10.0.40219.325
C:\Program Files\Unity\Hub\Editor\2022.3.8f1\Editor\embree.dll:embree.dll (00007FFA34950000), size: 16711680 (result: 0), SymType: '-exported-', PDB: 'C:\Program Files\Unity\Hub\Editor\2022.3.8f1\Editor\embree.dll', fileVersion: 2.14.0.0
C:\Program Files\Unity\Hub\Editor\2022.3.8f1\Editor\tbb.dll:tbb.dll (00007FFA348E0000), size: 413696 (result: 0), SymType: '-exported-', PDB: 'C:\Program Files\Unity\Hub\Editor\2022.3.8f1\Editor\tbb.dll', fileVersion: 2017.0.2016.1004
C:\windows\SYSTEM32\MSVCP120.dll:MSVCP120.dll (00007FFA34830000), size: 679936 (result: 0), SymType: '-exported-', PDB: 'C:\windows\SYSTEM32\MSVCP120.dll', fileVersion: 12.0.21005.1
C:\windows\SYSTEM32\MSVCR120.dll:MSVCR120.dll (00007FFA34740000), size: 978944 (result: 0), SymType: '-exported-', PDB: 'C:\windows\SYSTEM32\MSVCR120.dll', fileVersion: 12.0.21005.1
C:\Program Files\Unity\Hub\Editor\2022.3.8f1\Editor\etccompress.dll:etccompress.dll (00007FFA34260000), size: 5066752 (result: 0), SymType: '-exported-', PDB: 'C:\Program Files\Unity\Hub\Editor\2022.3.8f1\Editor\etccompress.dll'
C:\Program Files\Unity\Hub\Editor\2022.3.8f1\Editor\OpenRL_pthread.dll:OpenRL_pthread.dll (0000024040570000), size: 61440 (result: 0), SymType: '-exported-', PDB: 'C:\Program Files\Unity\Hub\Editor\2022.3.8f1\Editor\OpenRL_pthread.dll', fileVersion: 2.9.0.0
C:\Program Files\Unity\Hub\Editor\2022.3.8f1\Editor\FreeImage.dll:FreeImage.dll (0000024040580000), size: 6582272 (result: 0), SymType: '-exported-', PDB: 'C:\Program Files\Unity\Hub\Editor\2022.3.8f1\Editor\FreeImage.dll', fileVersion: 3.18.0.0
C:\windows\SYSTEM32\MSWSOCK.DLL:MSWSOCK.DLL (00007FFABE3D0000), size: 434176 (result: 0), SymType: '-exported-', PDB: 'C:\windows\SYSTEM32\MSWSOCK.DLL', fileVersion: 10.0.19041.546
C:\windows\SYSTEM32\MSASN1.dll:MSASN1.dll (00007FFABE800000), size: 73728 (result: 0), SymType: '-exported-', PDB: 'C:\windows\SYSTEM32\MSASN1.dll', fileVersion: 10.0.19041.2251
C:\windows\System32\bcryptprimitives.dll:bcryptprimitives.dll (00007FFABEDD0000), size: 532480 (result: 0), SymType: '-exported-', PDB: 'C:\windows\System32\bcryptprimitives.dll', fileVersion: 10.0.19041.2486
C:\windows\SYSTEM32\kernel.appcore.dll:kernel.appcore.dll (00007FFABD450000), size: 73728 (result: 0), SymType: '-exported-', PDB: 'C:\windows\SYSTEM32\kernel.appcore.dll', fileVersion: 10.0.19041.546
C:\windows\system32\uxtheme.dll:uxtheme.dll (00007FFABC130000), size: 647168 (result: 0), SymType: '-exported-', PDB: 'C:\windows\system32\uxtheme.dll', fileVersion: 10.0.19041.3393
C:\windows\SYSTEM32\windows.storage.dll:windows.storage.dll (00007FFABC940000), size: 7974912 (result: 0), SymType: '-exported-', PDB: 'C:\windows\SYSTEM32\windows.storage.dll', fileVersion: 10.0.19041.3393
C:\windows\SYSTEM32\Wldp.dll:Wldp.dll (00007FFABE670000), size: 188416 (result: 0), SymType: '-exported-', PDB: 'C:\windows\SYSTEM32\Wldp.dll', fileVersion: 10.0.19041.2788
C:\windows\System32\SHCORE.dll:SHCORE.dll (00007FFAC0830000), size: 708608 (result: 0), SymType: '-exported-', PDB: 'C:\windows\System32\SHCORE.dll', fileVersion: 10.0.19041.1865
C:\windows\SYSTEM32\profapi.dll:profapi.dll (00007FFABEB60000), size: 151552 (result: 0), SymType: '-nosymbols-', PDB: 'C:\windows\SYSTEM32\profapi.dll', fileVersion: 10.0.19041.3155
C:\windows\system32\IconCodecService.dll:IconCodecService.dll (00007FFA30BE0000), size: 36864 (result: 0), SymType: '-nosymbols-', PDB: 'C:\windows\system32\IconCodecService.dll', fileVersion: 10.0.19041.1
C:\windows\SYSTEM32\WindowsCodecs.dll:WindowsCodecs.dll (00007FFAB9490000), size: 1785856 (result: 0), SymType: '-exported-', PDB: 'C:\windows\SYSTEM32\WindowsCodecs.dll', fileVersion: 10.0.19041.1706
C:\windows\System32\clbcatq.dll:clbcatq.dll (00007FFAC0780000), size: 692224 (result: 0), SymType: '-exported-', PDB: 'C:\windows\System32\clbcatq.dll', fileVersion: 2001.12.10941.16384
C:\windows\System32\netprofm.dll:netprofm.dll (00007FFAB9400000), size: 258048 (result: 0), SymType: '-exported-', PDB: 'C:\windows\System32\netprofm.dll', fileVersion: 10.0.19041.3393
C:\windows\System32\npmproxy.dll:npmproxy.dll (00007FFAB5BB0000), size: 65536 (result: 0), SymType: '-exported-', PDB: 'C:\windows\System32\npmproxy.dll', fileVersion: 10.0.19041.3031
C:\windows\System32\NSI.dll:NSI.dll (00007FFABFE50000), size: 32768 (result: 0), SymType: '-exported-', PDB: 'C:\windows\System32\NSI.dll', fileVersion: 10.0.19041.610
C:\windows\SYSTEM32\dhcpcsvc6.DLL:dhcpcsvc6.DLL (00007FFAB8CD0000), size: 94208 (result: 0), SymType: '-exported-', PDB: 'C:\windows\SYSTEM32\dhcpcsvc6.DLL', fileVersion: 10.0.19041.2673
C:\windows\SYSTEM32\dhcpcsvc.DLL:dhcpcsvc.DLL (00007FFAB8CB0000), size: 118784 (result: 0), SymType: '-exported-', PDB: 'C:\windows\SYSTEM32\dhcpcsvc.DLL', fileVersion: 10.0.19041.2673
C:\windows\SYSTEM32\DNSAPI.dll:DNSAPI.dll (00007FFABE0C0000), size: 827392 (result: 0), SymType: '-exported-', PDB: 'C:\windows\SYSTEM32\DNSAPI.dll', fileVersion: 10.0.19041.3031
C:\windows\system32\napinsp.dll:napinsp.dll (00007FFA9E8B0000), size: 94208 (result: 0), SymType: '-exported-', PDB: 'C:\windows\system32\napinsp.dll', fileVersion: 10.0.19041.546
C:\windows\system32\pnrpnsp.dll:pnrpnsp.dll (00007FFA9E2B0000), size: 110592 (result: 0), SymType: '-exported-', PDB: 'C:\windows\system32\pnrpnsp.dll', fileVersion: 10.0.19041.546
C:\windows\system32\wshbth.dll:wshbth.dll (00007FFA9E260000), size: 86016 (result: 0), SymType: '-exported-', PDB: 'C:\windows\system32\wshbth.dll', fileVersion: 10.0.19041.546
C:\windows\system32\NLAapi.dll:NLAapi.dll (00007FFABA080000), size: 118784 (result: 0), SymType: '-exported-', PDB: 'C:\windows\system32\NLAapi.dll', fileVersion: 10.0.19041.3031
C:\windows\System32\winrnr.dll:winrnr.dll (00007FFA9E240000), size: 73728 (result: 0), SymType: '-exported-', PDB: 'C:\windows\System32\winrnr.dll', fileVersion: 10.0.19041.546
C:\Program Files\Bonjour\mdnsNSP.dll:mdnsNSP.dll (0000000076DA0000), size: 155648 (result: 0), SymType: '-exported-', PDB: 'C:\Program Files\Bonjour\mdnsNSP.dll', fileVersion: 3.0.0.10
C:\windows\System32\fwpuclnt.dll:fwpuclnt.dll (00007FFAB6970000), size: 532480 (result: 0), SymType: '-exported-', PDB: 'C:\windows\System32\fwpuclnt.dll', fileVersion: 10.0.19041.3393
C:\Windows\System32\rasadhlp.dll:rasadhlp.dll (00007FFAB82C0000), size: 40960 (result: 0), SymType: '-exported-', PDB: 'C:\Windows\System32\rasadhlp.dll', fileVersion: 10.0.19041.546
C:\Program Files\Unity\Hub\Editor\2022.3.8f1\Editor\NVUnityPlugin.DLL:NVUnityPlugin.DLL (00007FFA2E210000), size: 1519616 (result: 0), SymType: '-exported-', PDB: 'C:\Program Files\Unity\Hub\Editor\2022.3.8f1\Editor\NVUnityPlugin.DLL'
C:\Program Files\Unity\Hub\Editor\2022.3.8f1\Editor\Data\Tools\astcenc-avx2.dll:astcenc-avx2.dll (00007FFA2E180000), size: 540672 (result: 0), SymType: '-exported-', PDB: 'C:\Program Files\Unity\Hub\Editor\2022.3.8f1\Editor\Data\Tools\astcenc-avx2.dll'
C:\windows\SYSTEM32\d3d11.dll:d3d11.dll (00007FFABAB30000), size: 2502656 (result: 0), SymType: '-exported-', PDB: 'C:\windows\SYSTEM32\d3d11.dll', fileVersion: 10.0.19041.2913
C:\windows\SYSTEM32\dxgi.dll:dxgi.dll (00007FFABD4C0000), size: 995328 (result: 0), SymType: '-exported-', PDB: 'C:\windows\SYSTEM32\dxgi.dll', fileVersion: 10.0.19041.2311
C:\windows\System32\DriverStore\FileRepository\iigd_dch.inf_amd64_e2e84a5bea6773d5\igd10iumd64.dll:igd10iumd64.dll (00007FFAAE7B0000), size: 24752128 (result: 0), SymType: '-exported-', PDB: 'C:\windows\System32\DriverStore\FileRepository\iigd_dch.inf_amd64_e2e84a5bea6773d5\igd10iumd64.dll', fileVersion: 30.0.100.9805
C:\windows\SYSTEM32\ncrypt.dll:ncrypt.dll (00007FFABE6E0000), size: 163840 (result: 0), SymType: '-exported-', PDB: 'C:\windows\SYSTEM32\ncrypt.dll', fileVersion: 10.0.19041.2788
C:\windows\SYSTEM32\apphelp.dll:apphelp.dll (00007FFABBF50000), size: 593920 (result: 0), SymType: '-exported-', PDB: 'C:\windows\SYSTEM32\apphelp.dll', fileVersion: 10.0.19041.2913
C:\windows\SYSTEM32\NTASN1.dll:NTASN1.dll (00007FFABE6A0000), size: 241664 (result: 0), SymType: '-nosymbols-', PDB: 'C:\windows\SYSTEM32\NTASN1.dll', fileVersion: 10.0.19041.546
C:\windows\System32\DriverStore\FileRepository\iigd_dch.inf_amd64_e2e84a5bea6773d5\igdgmm64.dll:igdgmm64.dll (00007FFAB5D30000), size: 3985408 (result: 0), SymType: '-exported-', PDB: 'C:\windows\System32\DriverStore\FileRepository\iigd_dch.inf_amd64_e2e84a5bea6773d5\igdgmm64.dll', fileVersion: 30.0.100.9805
C:\windows\System32\DriverStore\FileRepository\iigd_dch.inf_amd64_e2e84a5bea6773d5\igc64.dll:igc64.dll (00007FFAABA60000), size: 47476736 (result: 0), SymType: '-exported-', PDB: 'C:\windows\System32\DriverStore\FileRepository\iigd_dch.inf_amd64_e2e84a5bea6773d5\igc64.dll', fileVersion: 30.0.100.9805
C:\windows\SYSTEM32\dxcore.dll:dxcore.dll (00007FFAB6D10000), size: 241664 (result: 0), SymType: '-exported-', PDB: 'C:\windows\SYSTEM32\dxcore.dll', fileVersion: 10.0.19041.546
C:\windows\system32\wbem\wbemprox.dll:wbemprox.dll (00007FFAB49E0000), size: 69632 (result: 0), SymType: '-exported-', PDB: 'C:\windows\system32\wbem\wbemprox.dll', fileVersion: 10.0.19041.3271
C:\windows\SYSTEM32\wbemcomn.dll:wbemcomn.dll (00007FFAB4F10000), size: 589824 (result: 0), SymType: '-exported-', PDB: 'C:\windows\SYSTEM32\wbemcomn.dll', fileVersion: 10.0.19041.1566
C:\windows\system32\wbem\wbemsvc.dll:wbemsvc.dll (00007FFAB44B0000), size: 81920 (result: 0), SymType: '-exported-', PDB: 'C:\windows\system32\wbem\wbemsvc.dll', fileVersion: 10.0.19041.3271
C:\windows\system32\wbem\fastprox.dll:fastprox.dll (00007FFAA8500000), size: 1093632 (result: 0), SymType: '-exported-', PDB: 'C:\windows\system32\wbem\fastprox.dll', fileVersion: 10.0.19041.546
C:\windows\SYSTEM32\amsi.dll:amsi.dll (00007FFAA8420000), size: 126976 (result: 0), SymType: '-exported-', PDB: 'C:\windows\SYSTEM32\amsi.dll', fileVersion: 10.0.19041.2075
C:\windows\SYSTEM32\USERENV.dll:USERENV.dll (00007FFABEB20000), size: 188416 (result: 0), SymType: '-exported-', PDB: 'C:\windows\SYSTEM32\USERENV.dll', fileVersion: 10.0.19041.3155
C:\ProgramData\Microsoft\Windows Defender\Platform\4.18.23080.2006-0\MpOav.dll:MpOav.dll (00007FFAA83A0000), size: 507904 (result: 0), SymType: '-exported-', PDB: 'C:\ProgramData\Microsoft\Windows Defender\Platform\4.18.23080.2006-0\MpOav.dll', fileVersion: 4.18.23080.2006
C:\windows\SYSTEM32\opencl.dll:opencl.dll (00007FFA2D870000), size: 512000 (result: 0), SymType: '-exported-', PDB: 'C:\windows\SYSTEM32\opencl.dll', fileVersion: 2.2.8.0
C:\Program Files\Unity\Hub\Editor\2022.3.8f1\Editor\radeonrays.dll:radeonrays.dll (00007FFA2DB40000), size: 557056 (result: 0), SymType: '-exported-', PDB: 'C:\Program Files\Unity\Hub\Editor\2022.3.8f1\Editor\radeonrays.dll'
C:\Program Files\Unity\Hub\Editor\2022.3.8f1\Editor\Data\MonoBleedingEdge\EmbedRuntime\mono-2.0-bdwgc.dll:mono-2.0-bdwgc.dll (00007FFA2CE40000), size: 10682368 (result: 0), SymType: 'PDB', PDB: 'C:\Program Files\Unity\Hub\Editor\2022.3.8f1\Editor\mono-2.0-bdwgc.pdb'
C:\windows\SYSTEM32\dbghelp.dll:dbghelp.dll (00007FFABD0E0000), size: 1982464 (result: 0), SymType: '-exported-', PDB: 'C:\windows\SYSTEM32\dbghelp.dll', fileVersion: 10.0.19041.867
  ERROR: SymGetSymFromAddr64, GetLastError: '    .' (Address: 00007FFAAE7E9314)
0x00007FFAAE7E9314 (igd10iumd64) (function-name not available)
  ERROR: SymGetSymFromAddr64, GetLastError: '    .' (Address: 00007FFAAE7E91DE)
0x00007FFAAE7E91DE (igd10iumd64) (function-name not available)
  ERROR: SymGetSymFromAddr64, GetLastError: '    .' (Address: 00007FFAAE81A01F)
0x00007FFAAE81A01F (igd10iumd64) (function-name not available)
0x00007FFAAEA5DA46 (igd10iumd64) OpenAdapter10_2
0x00007FFAAEAA538A (igd10iumd64) OpenAdapter10_2
0x00007FFABF807344 (KERNEL32) BaseThreadInitThunk
0x00007FFAC15A26B1 (ntdll) RtlUserThreadStart

========== END OF STACKTRACE ===========

A crash has been intercepted by the crash handler. For call stack and other details, see the latest crash report generated in:
 * C:/Users/bochk/AppData/Local/Temp/Unity/Editor/Crashes
